2025-05-30 14:22:16,233 - INFO - Tài khoản được tạo - Vai trò: user
2025-05-30 14:22:18,056 - INFO - Đăng xuất
2025-05-30 14:22:33,512 - INFO - Đăng nhập thành công - Vai trò: user
2025-05-30 14:22:40,455 - INFO - Mượn sách: test
2025-05-30 14:26:10,696 - INFO - Mượn sách: Doraemon
2025-05-30 14:26:39,777 - INFO - Đăng xuất
2025-05-30 14:35:25,263 - INFO - Đăng nhập thành công - Vai trò: user
2025-05-30 14:41:03,456 - INFO - Đăng nhập thành công - Vai trò: user
2025-05-30 14:41:08,483 - INFO - Trả sách: test
2025-05-30 16:06:32,832 - INFO - Đăng nhập thành công - Vai trò: user
2025-05-30 16:07:42,926 - INFO - Đã vào hàng đợi cho sách: test
2025-05-30 16:08:10,400 - INFO - Tự động mượn sách 'test' từ hàng đợi (sách được trả bởi vanh)
2025-05-30 16:12:13,433 - INFO - Đăng xuất
2025-05-30 16:13:05,895 - INFO - Đăng nhập thành công - Vai trò: user
2025-05-30 16:14:33,676 - INFO - Trả sách: test
2025-05-30 16:17:03,360 - INFO - Đăng xuất
2025-05-30 16:17:48,326 - INFO - Đăng nhập thành công - Vai trò: user
2025-05-30 16:17:58,661 - INFO - Đã vào hàng đợi cho sách: test
2025-05-30 16:18:20,493 - INFO - Tự động mượn sách 'test' từ hàng đợi
2025-05-30 16:23:02,094 - INFO - Đăng xuất
2025-05-30 16:38:39,852 - INFO - Đăng nhập thành công - Vai trò: user
2025-05-30 16:38:45,367 - INFO - Trả sách: test
2025-05-30 16:38:54,478 - INFO - Trả sách: Doraemon
2025-05-30 16:38:58,711 - INFO - Đã gửi yêu cầu mượn sách: test
2025-05-30 16:39:24,293 - INFO - Yêu cầu mượn sách 'test' đã được duyệt
2025-05-30 16:40:50,601 - INFO - Trả sách: test
2025-05-30 16:41:33,772 - INFO - Đã gửi yêu cầu mượn sách: test
2025-05-30 16:41:59,720 - INFO - Yêu cầu mượn sách 'test' đã được duyệt
2025-05-30 17:02:19,680 - INFO - Trả sách: test
2025-05-30 17:02:29,849 - INFO - Đăng xuất
2025-05-30 17:06:39,862 - INFO - Đăng nhập thành công - Vai trò: user
2025-05-30 17:07:01,033 - INFO - Đã gửi yêu cầu mượn sách: test
2025-05-30 17:08:07,951 - INFO - Yêu cầu mượn sách 'test' bị từ chối. Lý do: test
2025-05-30 17:08:16,994 - INFO - Đăng xuất
